src/routes/categories.ts(13,41): error TS2339: Property 'eq' does not exist on type 'PgColumn<{ name: "is_active"; tableName: "service_categories"; dataType: "boolean"; columnType: "PgBoolean"; data: boolean; driverParam: boolean; notNull: false; hasDefault: true; isPrimaryKey: false; ... 5 more ...; generated: undefined; }, {}, {}>'.
src/routes/geolocation.ts(180,37): error TS2345: Argument of type 'number | undefined' is not assignable to parameter of type 'number'.
  Type 'undefined' is not assignable to type 'number'.
src/routes/index.ts(4,8): error TS2300: Duplicate identifier 'testRoutes'.
src/routes/index.ts(6,8): error TS2300: Duplicate identifier 'testRoutes'.
src/routes/integrations.ts(58,32): error TS2339: Property 'key' does not exist on type 'PgTableWithColumns<{ name: "partner_api_keys"; schema: undefined; columns: { id: PgColumn<{ name: "id"; tableName: "partner_api_keys"; dataType: "number"; columnType: "PgSerial"; data: number; driverParam: number; notNull: true; ... 7 more ...; generated: undefined; }, {}, {}>; ... 12 more ...; createdAt: PgColumn<....'.
src/routes/integrations.ts(96,37): error TS2769: No overload matches this call.
  Overload 1 of 2, '(value: { endpoint: string | SQL<unknown> | Placeholder<string, any>; method: SQL<unknown> | "GET" | "POST" | "PUT" | "PATCH" | "DELETE" | Placeholder<string, any>; ... 11 more ...; requestData?: unknown; }): PgInsertBase<...>', gave the following error.
    Type 'string' is not assignable to type 'SQL<unknown> | "GET" | "POST" | "PUT" | "PATCH" | "DELETE" | Placeholder<string, any>'.
  Overload 2 of 2, '(values: { endpoint: string | SQL<unknown> | Placeholder<string, any>; method: SQL<unknown> | "GET" | "POST" | "PUT" | "PATCH" | "DELETE" | Placeholder<string, any>; ... 11 more ...; requestData?: unknown; }[]): PgInsertBase<...>', gave the following error.
    Object literal may only specify known properties, and 'partnerId' does not exist in type '{ endpoint: string | SQL<unknown> | Placeholder<string, any>; method: SQL<unknown> | "GET" | "POST" | "PUT" | "PATCH" | "DELETE" | Placeholder<string, any>; ... 11 more ...; requestData?: unknown; }[]'.
src/routes/integrations.ts(207,23): error TS2345: Argument of type 'string | ParsedQs | (string | ParsedQs)[]' is not assignable to parameter of type 'string'.
  Type 'ParsedQs' is not assignable to type 'string'.
src/routes/integrations.ts(208,24): error TS2345: Argument of type 'string | ParsedQs | (string | ParsedQs)[]' is not assignable to parameter of type 'string'.
  Type 'ParsedQs' is not assignable to type 'string'.
src/routes/integrations.ts(223,25): error TS2345: Argument of type 'string | ParsedQs | (string | ParsedQs)[]' is not assignable to parameter of type 'string'.
  Type 'ParsedQs' is not assignable to type 'string'.
src/routes/integrations.ts(224,26): error TS2345: Argument of type 'string | ParsedQs | (string | ParsedQs)[]' is not assignable to parameter of type 'string'.
  Type 'ParsedQs' is not assignable to type 'string'.
src/routes/integrations.ts(273,24): error TS7006: Parameter 'item' implicitly has an 'any' type.
src/routes/languages.ts(80,11): error TS2769: No overload matches this call.
  Overload 1 of 3, '(left: PgColumn<{ name: "content_type"; tableName: "localized_content"; dataType: "string"; columnType: "PgVarchar"; data: "service_category" | "service_description" | "provider_bio" | "page_content" | "email_template"; ... 9 more ...; generated: undefined; }, {}, { ...; }>, right: SQLWrapper | ... 4 more ... | "email_template"): SQL<...>', gave the following error.
    Argument of type 'string' is not assignable to parameter of type 'SQLWrapper | "service_category" | "service_description" | "provider_bio" | "page_content" | "email_template"'.
  Overload 2 of 3, '(left: Aliased<string>, right: string | SQLWrapper): SQL<unknown>', gave the following error.
    Argument of type 'PgColumn<{ name: "content_type"; tableName: "localized_content"; dataType: "string"; columnType: "PgVarchar"; data: "service_category" | "service_description" | "provider_bio" | "page_content" | "email_template"; ... 9 more ...; generated: undefined; }, {}, { ...; }>' is not assignable to parameter of type 'Aliased<string>'.
      Type 'PgColumn<{ name: "content_type"; tableName: "localized_content"; dataType: "string"; columnType: "PgVarchar"; data: "service_category" | "service_description" | "provider_bio" | "page_content" | "email_template"; ... 9 more ...; generated: undefined; }, {}, { ...; }>' is missing the following properties from type 'Aliased<string>': sql, fieldAlias
  Overload 3 of 3, '(left: never, right: unknown): SQL<unknown>', gave the following error.
    Argument of type 'PgColumn<{ name: "content_type"; tableName: "localized_content"; dataType: "string"; columnType: "PgVarchar"; data: "service_category" | "service_description" | "provider_bio" | "page_content" | "email_template"; ... 9 more ...; generated: undefined; }, {}, { ...; }>' is not assignable to parameter of type 'never'.
src/routes/languages.ts(109,30): error TS2339: Property 'claims' does not exist on type 'User'.
src/routes/languages.ts(163,30): error TS2339: Property 'claims' does not exist on type 'User'.
src/routes/payments.ts(135,31): error TS2769: No overload matches this call.
  Overload 1 of 2, '(value: { providerId: number | SQL<unknown> | Placeholder<string, any>; amount: string | SQL<unknown> | Placeholder<string, any>; paymentMethod: SQL<unknown> | ... 4 more ... | Placeholder<...>; ... 21 more ...; refundedAt?: Date | ... 3 more ... | undefined; }): PgInsertBase<...>', gave the following error.
    Object literal may only specify known properties, and 'description' does not exist in type '{ providerId: number | SQL<unknown> | Placeholder<string, any>; amount: string | SQL<unknown> | Placeholder<string, any>; paymentMethod: SQL<unknown> | ... 4 more ... | Placeholder<...>; ... 21 more ...; refundedAt?: Date | ... 3 more ... | undefined; }'.
  Overload 2 of 2, '(values: { providerId: number | SQL<unknown> | Placeholder<string, any>; amount: string | SQL<unknown> | Placeholder<string, any>; paymentMethod: SQL<unknown> | ... 4 more ... | Placeholder<...>; ... 21 more ...; refundedAt?: Date | ... 3 more ... | undefined; }[]): PgInsertBase<...>', gave the following error.
    Object literal may only specify known properties, and 'amount' does not exist in type '{ providerId: number | SQL<unknown> | Placeholder<string, any>; amount: string | SQL<unknown> | Placeholder<string, any>; paymentMethod: SQL<unknown> | ... 4 more ... | Placeholder<...>; ... 21 more ...; refundedAt?: Date | ... 3 more ... | undefined; }[]'.
src/routes/payments.ts(219,31): error TS2769: No overload matches this call.
  Overload 1 of 2, '(value: { providerId: number | SQL<unknown> | Placeholder<string, any>; amount: string | SQL<unknown> | Placeholder<string, any>; paymentMethod: SQL<unknown> | ... 4 more ... | Placeholder<...>; ... 21 more ...; refundedAt?: Date | ... 3 more ... | undefined; }): PgInsertBase<...>', gave the following error.
    Object literal may only specify known properties, and 'description' does not exist in type '{ providerId: number | SQL<unknown> | Placeholder<string, any>; amount: string | SQL<unknown> | Placeholder<string, any>; paymentMethod: SQL<unknown> | ... 4 more ... | Placeholder<...>; ... 21 more ...; refundedAt?: Date | ... 3 more ... | undefined; }'.
  Overload 2 of 2, '(values: { providerId: number | SQL<unknown> | Placeholder<string, any>; amount: string | SQL<unknown> | Placeholder<string, any>; paymentMethod: SQL<unknown> | ... 4 more ... | Placeholder<...>; ... 21 more ...; refundedAt?: Date | ... 3 more ... | undefined; }[]): PgInsertBase<...>', gave the following error.
    Object literal may only specify known properties, and 'amount' does not exist in type '{ providerId: number | SQL<unknown> | Placeholder<string, any>; amount: string | SQL<unknown> | Placeholder<string, any>; paymentMethod: SQL<unknown> | ... 4 more ... | Placeholder<...>; ... 21 more ...; refundedAt?: Date | ... 3 more ... | undefined; }[]'.
src/routes/payments.ts(266,65): error TS2339: Property 'preference_id' does not exist on type 'PaymentResponse'.
src/routes/payments.ts(297,17): error TS2353: Object literal may only specify known properties, and 'credits' does not exist in type '{ userId?: string | SQL<unknown> | PgColumn<ColumnBaseConfig<ColumnDataType, string>, {}, {}> | undefined; id?: number | SQL<unknown> | PgColumn<...> | undefined; ... 16 more ...; postalCode?: string | ... 3 more ... | undefined; }'.
src/routes/payments.ts(382,45): error TS2353: Object literal may only specify known properties, and 'credits' does not exist in type '{ userId?: string | SQL<unknown> | PgColumn<ColumnBaseConfig<ColumnDataType, string>, {}, {}> | undefined; id?: number | SQL<unknown> | PgColumn<...> | undefined; ... 16 more ...; postalCode?: string | ... 3 more ... | undefined; }'.
src/routes/wordpress.ts(337,9): error TS2769: No overload matches this call.
  Overload 1 of 3, '(left: PgColumn<{ name: "page_type"; tableName: "seo_metadata"; dataType: "string"; columnType: "PgVarchar"; data: "category" | "home" | "services" | "service_detail" | "provider_profile" | "location"; ... 9 more ...; generated: undefined; }, {}, { ...; }>, right: SQLWrapper | ... 5 more ... | "location"): SQL<...>', gave the following error.
    Argument of type 'string' is not assignable to parameter of type 'SQLWrapper | "category" | "home" | "services" | "service_detail" | "provider_profile" | "location"'.
  Overload 2 of 3, '(left: Aliased<string>, right: string | SQLWrapper): SQL<unknown>', gave the following error.
    Argument of type 'PgColumn<{ name: "page_type"; tableName: "seo_metadata"; dataType: "string"; columnType: "PgVarchar"; data: "category" | "home" | "services" | "service_detail" | "provider_profile" | "location"; ... 9 more ...; generated: undefined; }, {}, { ...; }>' is not assignable to parameter of type 'Aliased<string>'.
      Type 'PgColumn<{ name: "page_type"; tableName: "seo_metadata"; dataType: "string"; columnType: "PgVarchar"; data: "category" | "home" | "services" | "service_detail" | "provider_profile" | "location"; ... 9 more ...; generated: undefined; }, {}, { ...; }>' is missing the following properties from type 'Aliased<string>': sql, fieldAlias
  Overload 3 of 3, '(left: never, right: unknown): SQL<unknown>', gave the following error.
    Argument of type 'PgColumn<{ name: "page_type"; tableName: "seo_metadata"; dataType: "string"; columnType: "PgVarchar"; data: "category" | "home" | "services" | "service_detail" | "provider_profile" | "location"; ... 9 more ...; generated: undefined; }, {}, { ...; }>' is not assignable to parameter of type 'never'.
src/seeders/seed-achievements.ts(1,20): error TS2307: Cannot find module './db.js' or its corresponding type declarations.
src/seeders/seed-achievements.ts(2,30): error TS2307: Cannot find module './shared/schema.js' or its corresponding type declarations.
src/seeders/seed-analytics.ts(1,20): error TS2307: Cannot find module './db.js' or its corresponding type declarations.
src/seeders/seed-analytics.ts(2,62): error TS2307: Cannot find module './shared/schema.js' or its corresponding type declarations.
src/seeders/seed-categories.ts(1,20): error TS2307: Cannot find module './db.js' or its corresponding type declarations.
src/seeders/seed-categories.ts(2,35): error TS2307: Cannot find module './shared/schema.js' or its corresponding type declarations.
src/seeders/seed-languages.ts(1,20): error TS2307: Cannot find module './db.js' or its corresponding type declarations.
src/seeders/seed-languages.ts(2,41): error TS2307: Cannot find module './shared/schema.js' or its corresponding type declarations.
src/seeders/seed-languages.ts(113,17): error TS2339: Property 'main' does not exist on type 'ImportMeta'.
src/seeders/seed-referral-rewards.ts(1,20): error TS2307: Cannot find module './db.js' or its corresponding type declarations.
src/seeders/seed-referral-rewards.ts(2,33): error TS2307: Cannot find module './shared/schema.js' or its corresponding type declarations.
src/services/achievementService.ts(29,44): error TS2552: Cannot find name 'userAchievementList'. Did you mean 'userAchievements'?
src/services/achievementService.ts(93,52): error TS2362: The left-hand side of an arithmetic operation must be of type 'any', 'number', 'bigint' or an enum type.
src/services/achievementService.ts(108,42): error TS2339: Property 'in' does not exist on type 'PgColumn<{ name: "achievement_id"; tableName: "user_achievements"; dataType: "number"; columnType: "PgInteger"; data: number; driverParam: string | number; notNull: true; hasDefault: false; isPrimaryKey: false; ... 5 more ...; generated: undefined; }, {}, {}>'.
src/services/email.ts(5,31): error TS2709: Cannot use namespace 'Transporter' as a type.
src/services/email.ts(143,37): error TS18046: 'error' is of type 'unknown'.
src/services/geolocation.ts(28,62): error TS2769: No overload matches this call.
  Overload 1 of 2, '(value: { providerId: number | SQL<unknown> | Placeholder<string, any>; latitude: string | SQL<unknown> | Placeholder<string, any>; longitude: string | SQL<...> | Placeholder<...>; ... 6 more ...; locationSource?: SQL<...> | ... 5 more ... | undefined; }): PgInsertBase<...>', gave the following error.
    Object literal may only specify known properties, and 'updatedAt' does not exist in type '{ providerId: number | SQL<unknown> | Placeholder<string, any>; latitude: string | SQL<unknown> | Placeholder<string, any>; longitude: string | SQL<unknown> | Placeholder<...>; ... 6 more ...; locationSource?: SQL<...> | ... 5 more ... | undefined; }'.
  Overload 2 of 2, '(values: { providerId: number | SQL<unknown> | Placeholder<string, any>; latitude: string | SQL<unknown> | Placeholder<string, any>; longitude: string | SQL<...> | Placeholder<...>; ... 6 more ...; locationSource?: SQL<...> | ... 5 more ... | undefined; }[]): PgInsertBase<...>', gave the following error.
    Object literal may only specify known properties, and 'providerId' does not exist in type '{ providerId: number | SQL<unknown> | Placeholder<string, any>; latitude: string | SQL<unknown> | Placeholder<string, any>; longitude: string | SQL<unknown> | Placeholder<...>; ... 6 more ...; locationSource?: SQL<...> | ... 5 more ... | undefined; }[]'.
src/services/geolocation.ts(39,37): error TS2769: No overload matches this call.
  Overload 1 of 2, '(value: { providerId: number | SQL<unknown> | Placeholder<string, any>; eventType: SQL<unknown> | "enter_geofence" | "exit_geofence" | "arrive_job" | "complete_job" | "break_start" | "break_end" | Placeholder<...>; ... 7 more ...; geofenceId?: number | ... 3 more ... | undefined; }): PgInsertBase<...>', gave the following error.
    Type '"location_update"' is not assignable to type 'SQL<unknown> | "enter_geofence" | "exit_geofence" | "arrive_job" | "complete_job" | "break_start" | "break_end" | Placeholder<string, any>'.
  Overload 2 of 2, '(values: { providerId: number | SQL<unknown> | Placeholder<string, any>; eventType: SQL<unknown> | "enter_geofence" | "exit_geofence" | "arrive_job" | "complete_job" | "break_start" | "break_end" | Placeholder<...>; ... 7 more ...; geofenceId?: number | ... 3 more ... | undefined; }[]): PgInsertBase<...>', gave the following error.
    Object literal may only specify known properties, and 'providerId' does not exist in type '{ providerId: number | SQL<unknown> | Placeholder<string, any>; eventType: SQL<unknown> | "enter_geofence" | "exit_geofence" | "arrive_job" | "complete_job" | "break_start" | "break_end" | Placeholder<...>; ... 7 more ...; geofenceId?: number | ... 3 more ... | undefined; }[]'.
src/services/geolocation.ts(87,41): error TS2769: No overload matches this call.
  Overload 1 of 2, '(value: { providerId: number | SQL<unknown> | Placeholder<string, any>; eventType: SQL<unknown> | "enter_geofence" | "exit_geofence" | "arrive_job" | "complete_job" | "break_start" | "break_end" | Placeholder<...>; ... 7 more ...; geofenceId?: number | ... 3 more ... | undefined; }): PgInsertBase<...>', gave the following error.
    Type '"geofence_enter"' is not assignable to type 'SQL<unknown> | "enter_geofence" | "exit_geofence" | "arrive_job" | "complete_job" | "break_start" | "break_end" | Placeholder<string, any>'.
  Overload 2 of 2, '(values: { providerId: number | SQL<unknown> | Placeholder<string, any>; eventType: SQL<unknown> | "enter_geofence" | "exit_geofence" | "arrive_job" | "complete_job" | "break_start" | "break_end" | Placeholder<...>; ... 7 more ...; geofenceId?: number | ... 3 more ... | undefined; }[]): PgInsertBase<...>', gave the following error.
    Object literal may only specify known properties, and 'providerId' does not exist in type '{ providerId: number | SQL<unknown> | Placeholder<string, any>; eventType: SQL<unknown> | "enter_geofence" | "exit_geofence" | "arrive_job" | "complete_job" | "break_start" | "break_end" | Placeholder<...>; ... 7 more ...; geofenceId?: number | ... 3 more ... | undefined; }[]'.
src/services/geolocation.ts(98,41): error TS2769: No overload matches this call.
  Overload 1 of 2, '(value: { providerId: number | SQL<unknown> | Placeholder<string, any>; eventType: SQL<unknown> | "enter_geofence" | "exit_geofence" | "arrive_job" | "complete_job" | "break_start" | "break_end" | Placeholder<...>; ... 7 more ...; geofenceId?: number | ... 3 more ... | undefined; }): PgInsertBase<...>', gave the following error.
    Type '"geofence_exit"' is not assignable to type 'SQL<unknown> | "enter_geofence" | "exit_geofence" | "arrive_job" | "complete_job" | "break_start" | "break_end" | Placeholder<string, any>'.
  Overload 2 of 2, '(values: { providerId: number | SQL<unknown> | Placeholder<string, any>; eventType: SQL<unknown> | "enter_geofence" | "exit_geofence" | "arrive_job" | "complete_job" | "break_start" | "break_end" | Placeholder<...>; ... 7 more ...; geofenceId?: number | ... 3 more ... | undefined; }[]): PgInsertBase<...>', gave the following error.
    Object literal may only specify known properties, and 'providerId' does not exist in type '{ providerId: number | SQL<unknown> | Placeholder<string, any>; eventType: SQL<unknown> | "enter_geofence" | "exit_geofence" | "arrive_job" | "complete_job" | "break_start" | "break_end" | Placeholder<...>; ... 7 more ...; geofenceId?: number | ... 3 more ... | undefined; }[]'.
src/services/geolocation.ts(148,14): error TS2345: Argument of type '{ providerId: number; name: string; centerLat: string; centerLng: string; radiusKm: number; priority: number; maxDailyJobs: number | null; travelCostPerKm: number | null; polygonCoords: string | null; isActive: boolean; updatedAt: Date; createdAt: any; }' is not assignable to parameter of type '{ name?: string | SQL<unknown> | PgColumn<ColumnBaseConfig<ColumnDataType, string>, {}, {}> | undefined; providerId?: number | SQL<...> | PgColumn<...> | undefined; ... 10 more ...; travelCostPerKm?: string | ... 3 more ... | undefined; }'.
  Types of property 'radiusKm' are incompatible.
    Type 'number' is not assignable to type 'string | SQL<unknown> | PgColumn<ColumnBaseConfig<ColumnDataType, string>, {}, {}> | undefined'.
src/services/geolocation.ts(154,17): error TS2769: No overload matches this call.
  Overload 1 of 2, '(value: { name: string | SQL<unknown> | Placeholder<string, any>; providerId: number | SQL<unknown> | Placeholder<string, any>; centerLat: string | SQL<unknown> | Placeholder<...>; ... 9 more ...; travelCostPerKm?: string | ... 3 more ... | undefined; }): PgInsertBase<...>', gave the following error.
    Argument of type '{ providerId: number; name: string; centerLat: string; centerLng: string; radiusKm: number; priority: number; maxDailyJobs: number | null; travelCostPerKm: number | null; polygonCoords: string | null; isActive: boolean; updatedAt: Date; createdAt: any; }' is not assignable to parameter of type '{ name: string | SQL<unknown> | Placeholder<string, any>; providerId: number | SQL<unknown> | Placeholder<string, any>; centerLat: string | SQL<unknown> | Placeholder<...>; ... 9 more ...; travelCostPerKm?: string | ... 3 more ... | undefined; }'.
      Types of property 'radiusKm' are incompatible.
        Type 'number' is not assignable to type 'string | SQL<unknown> | Placeholder<string, any>'.
  Overload 2 of 2, '(values: { name: string | SQL<unknown> | Placeholder<string, any>; providerId: number | SQL<unknown> | Placeholder<string, any>; centerLat: string | SQL<unknown> | Placeholder<...>; ... 9 more ...; travelCostPerKm?: string | ... 3 more ... | undefined; }[]): PgInsertBase<...>', gave the following error.
    Argument of type '{ providerId: number; name: string; centerLat: string; centerLng: string; radiusKm: number; priority: number; maxDailyJobs: number | null; travelCostPerKm: number | null; polygonCoords: string | null; isActive: boolean; updatedAt: Date; createdAt: any; }' is not assignable to parameter of type '{ name: string | SQL<unknown> | Placeholder<string, any>; providerId: number | SQL<unknown> | Placeholder<string, any>; centerLat: string | SQL<unknown> | Placeholder<...>; ... 9 more ...; travelCostPerKm?: string | ... 3 more ... | undefined; }[]'.
      Type '{ providerId: number; name: string; centerLat: string; centerLng: string; radiusKm: number; priority: number; maxDailyJobs: number | null; travelCostPerKm: number | null; polygonCoords: string | null; isActive: boolean; updatedAt: Date; createdAt: any; }' is missing the following properties from type '{ name: string | SQL<unknown> | Placeholder<string, any>; providerId: number | SQL<unknown> | Placeholder<string, any>; centerLat: string | SQL<unknown> | Placeholder<...>; ... 9 more ...; travelCostPerKm?: string | ... 3 more ... | undefined; }[]': length, pop, push, concat, and 29 more.
src/services/geolocation.ts(199,26): error TS7006: Parameter 'p' implicitly has an 'any' type.
src/services/geolocation.ts(215,8): error TS2769: No overload matches this call.
  Overload 1 of 2, '(value: { date: Date | SQL<unknown> | Placeholder<string, any>; providerId: number | SQL<unknown> | Placeholder<string, any>; startLat: string | SQL<unknown> | Placeholder<...>; ... 14 more ...; routeData?: unknown; }): PgInsertBase<...>', gave the following error.
    Object literal may only specify known properties, and 'requestIds' does not exist in type '{ date: Date | SQL<unknown> | Placeholder<string, any>; providerId: number | SQL<unknown> | Placeholder<string, any>; startLat: string | SQL<unknown> | Placeholder<...>; ... 14 more ...; routeData?: unknown; }'.
  Overload 2 of 2, '(values: { date: Date | SQL<unknown> | Placeholder<string, any>; providerId: number | SQL<unknown> | Placeholder<string, any>; startLat: string | SQL<unknown> | Placeholder<...>; ... 14 more ...; routeData?: unknown; }[]): PgInsertBase<...>', gave the following error.
    Object literal may only specify known properties, and 'providerId' does not exist in type '{ date: Date | SQL<unknown> | Placeholder<string, any>; providerId: number | SQL<unknown> | Placeholder<string, any>; startLat: string | SQL<unknown> | Placeholder<...>; ... 14 more ...; routeData?: unknown; }[]'.
src/services/referralService.ts(200,34): error TS18047: 'stats.successfulReferrals' is possibly 'null'.
src/services/referralService.ts(201,33): error TS18047: 'stats.totalCreditsEarned' is possibly 'null'.
src/services/referralService.ts(221,7): error TS2769: No overload matches this call.
  Overload 2 of 2, '(values: { providerId: number | SQL<unknown> | Placeholder<string, any>; amount: string | SQL<unknown> | Placeholder<string, any>; paymentMethod: SQL<unknown> | ... 4 more ... | Placeholder<...>; ... 21 more ...; refundedAt?: Date | ... 3 more ... | undefined; }[]): PgInsertBase<...>', gave the following error.
    Object literal may only specify known properties, and 'userId' does not exist in type '{ providerId: number | SQL<unknown> | Placeholder<string, any>; amount: string | SQL<unknown> | Placeholder<string, any>; paymentMethod: SQL<unknown> | ... 4 more ... | Placeholder<...>; ... 21 more ...; refundedAt?: Date | ... 3 more ... | undefined; }[]'.
src/services/referralService.ts(277,25): error TS18047: 'stats.totalReferrals' is possibly 'null'.
src/services/referralService.ts(278,29): error TS18047: 'stats.totalCreditsEarned' is possibly 'null'.
src/services/search.ts(16,3): error TS2305: Module '"../shared/schema.js"' has no exported member 'Provider'.
src/services/search.ts(17,3): error TS2305: Module '"../shared/schema.js"' has no exported member 'Category'.
src/services/search.ts(18,3): error TS2305: Module '"../shared/schema.js"' has no exported member 'City'.
src/services/search.ts(19,3): error TS2305: Module '"../shared/schema.js"' has no exported member 'Business'.
src/services/search.ts(20,3): error TS2305: Module '"../shared/schema.js"' has no exported member 'Rating'.
src/services/search.ts(162,20): error TS2304: Cannot find name 'leadResponses'.
src/services/search.ts(190,19): error TS2345: Argument of type 'SQL<unknown>' is not assignable to parameter of type 'number'.
src/services/search.ts(214,15): error TS2345: Argument of type 'SQL<unknown>' is not assignable to parameter of type 'number'.
src/services/search.ts(233,20): error TS2304: Cannot find name 'leadResponses'.
src/services/searchService.ts(8,3): error TS2305: Module '"../shared/schema.js"' has no exported member 'Provider'.
src/services/searchService.ts(9,3): error TS2305: Module '"../shared/schema.js"' has no exported member 'Category'.
src/services/searchService.ts(10,3): error TS2305: Module '"../shared/schema.js"' has no exported member 'City'.
src/services/searchService.ts(11,3): error TS2305: Module '"../shared/schema.js"' has no exported member 'Service'.
src/services/searchService.ts(35,23): error TS2304: Cannot find name 'results'.
src/services/searchService.ts(56,7): error TS2304: Cannot find name 'priceRanges'.
src/services/searchService.ts(58,50): error TS18004: No value exists in scope for the shorthand property 'count'. Either declare one or provide an initializer.
src/services/searchService.ts(65,26): error TS18004: No value exists in scope for the shorthand property 'count'. Either declare one or provide an initializer.
src/services/searchService.ts(70,7): error TS2353: Object literal may only specify known properties, and 'cities' does not exist in type 'SearchResult'.
src/services/searchService.ts(70,15): error TS2304: Cannot find name 'cityFacets'.
src/services/searchService.ts(71,19): error TS2304: Cannot find name 'categoryFacets'.
src/storage.ts(3,3): error TS2300: Duplicate identifier 'users'.
src/storage.ts(5,3): error TS2300: Duplicate identifier 'serviceProviders'.
src/storage.ts(6,3): error TS2300: Duplicate identifier 'providerServices'.
src/storage.ts(35,10): error TS2300: Duplicate identifier 'db'.
src/storage.ts(218,71): error TS2339: Property 'categoryId' does not exist on type 'PgTableWithColumns<{ name: "service_providers"; schema: undefined; columns: { id: PgColumn<{ name: "id"; tableName: "service_providers"; dataType: "number"; columnType: "PgSerial"; data: number; driverParam: number; notNull: true; ... 7 more ...; generated: undefined; }, {}, {}>; ... 17 more ...; updatedAt: PgColumn...'.
src/storage.ts(279,47): error TS2769: No overload matches this call.
  Overload 1 of 3, '(left: PgColumn<{ name: "status"; tableName: "service_requests"; dataType: "string"; columnType: "PgVarchar"; data: "pending" | "completed" | "quoted" | "accepted" | "in_progress" | "cancelled"; ... 9 more ...; generated: undefined; }, {}, { ...; }>, right: SQLWrapper | ... 5 more ... | "cancelled"): SQL<...>', gave the following error.
    Argument of type 'string' is not assignable to parameter of type 'SQLWrapper | "pending" | "completed" | "quoted" | "accepted" | "in_progress" | "cancelled"'.
  Overload 2 of 3, '(left: Aliased<string>, right: string | SQLWrapper): SQL<unknown>', gave the following error.
    Argument of type 'PgColumn<{ name: "status"; tableName: "service_requests"; dataType: "string"; columnType: "PgVarchar"; data: "pending" | "completed" | "quoted" | "accepted" | "in_progress" | "cancelled"; ... 9 more ...; generated: undefined; }, {}, { ...; }>' is not assignable to parameter of type 'Aliased<string>'.
      Type 'PgColumn<{ name: "status"; tableName: "service_requests"; dataType: "string"; columnType: "PgVarchar"; data: "pending" | "completed" | "quoted" | "accepted" | "in_progress" | "cancelled"; ... 9 more ...; generated: undefined; }, {}, { ...; }>' is missing the following properties from type 'Aliased<string>': sql, fieldAlias
  Overload 3 of 3, '(left: never, right: unknown): SQL<unknown>', gave the following error.
    Argument of type 'PgColumn<{ name: "status"; tableName: "service_requests"; dataType: "string"; columnType: "PgVarchar"; data: "pending" | "completed" | "quoted" | "accepted" | "in_progress" | "cancelled"; ... 9 more ...; generated: undefined; }, {}, { ...; }>' is not assignable to parameter of type 'never'.
src/storage.ts(305,61): error TS2339: Property 'providerId' does not exist on type 'PgTableWithColumns<{ name: "reviews"; schema: undefined; columns: { id: PgColumn<{ name: "id"; tableName: "reviews"; dataType: "number"; columnType: "PgSerial"; data: number; driverParam: number; notNull: true; hasDefault: true; ... 6 more ...; generated: undefined; }, {}, {}>; ... 6 more ...; createdAt: PgColumn<.....'.
src/storage.ts(457,11): error TS2322: Type 'string' is not assignable to type 'number'.
src/storage.ts(467,11): error TS2322: Type 'string' is not assignable to type 'number'.
src/storage.ts(493,10): error TS2300: Duplicate identifier 'db'.
src/storage.ts(494,10): error TS2300: Duplicate identifier 'users'.
src/storage.ts(494,17): error TS2300: Duplicate identifier 'serviceProviders'.
src/storage.ts(494,35): error TS2300: Duplicate identifier 'providerServices'.
src/testTypes.ts(25,53): error TS2769: No overload matches this call.
  Overload 1 of 2, '(value: { userId: string | SQL<unknown> | Placeholder<string, any>; id?: number | SQL<unknown> | Placeholder<string, any> | undefined; profileImageUrl?: string | SQL<...> | Placeholder<...> | null | undefined; ... 15 more ...; postalCode?: string | ... 3 more ... | undefined; }): PgInsertBase<...>', gave the following error.
    Argument of type '{ userId: string; businessName: string; description: string; experienceYears: number; serviceAreas: string[]; hourlyRate: number; phoneNumber: string; address: string; city: string; province: string; postalCode: string; isVerified: boolean; isActive: boolean; }' is not assignable to parameter of type '{ userId: string | SQL<unknown> | Placeholder<string, any>; id?: number | SQL<unknown> | Placeholder<string, any> | undefined; profileImageUrl?: string | SQL<...> | Placeholder<...> | null | undefined; ... 15 more ...; postalCode?: string | ... 3 more ... | undefined; }'.
      Types of property 'hourlyRate' are incompatible.
        Type 'number' is not assignable to type 'string | SQL<unknown> | Placeholder<string, any> | null | undefined'.
  Overload 2 of 2, '(values: { userId: string | SQL<unknown> | Placeholder<string, any>; id?: number | SQL<unknown> | Placeholder<string, any> | undefined; profileImageUrl?: string | SQL<...> | Placeholder<...> | null | undefined; ... 15 more ...; postalCode?: string | ... 3 more ... | undefined; }[]): PgInsertBase<...>', gave the following error.
    Argument of type '{ userId: string; businessName: string; description: string; experienceYears: number; serviceAreas: string[]; hourlyRate: number; phoneNumber: string; address: string; city: string; province: string; postalCode: string; isVerified: boolean; isActive: boolean; }' is not assignable to parameter of type '{ userId: string | SQL<unknown> | Placeholder<string, any>; id?: number | SQL<unknown> | Placeholder<string, any> | undefined; profileImageUrl?: string | SQL<...> | Placeholder<...> | null | undefined; ... 15 more ...; postalCode?: string | ... 3 more ... | undefined; }[]'.
      Type '{ userId: string; businessName: string; description: string; experienceYears: number; serviceAreas: string[]; hourlyRate: number; phoneNumber: string; address: string; city: string; province: string; postalCode: string; isVerified: boolean; isActive: boolean; }' is missing the following properties from type '{ userId: string | SQL<unknown> | Placeholder<string, any>; id?: number | SQL<unknown> | Placeholder<string, any> | undefined; profileImageUrl?: string | SQL<...> | Placeholder<...> | null | undefined; ... 15 more ...; postalCode?: string | ... 3 more ... | undefined; }[]': length, pop, push, concat, and 29 more.
src/websocket.ts(45,7): error TS2322: Type '(info: VerifyClientInfo) => boolean' is not assignable to type 'VerifyClientCallbackAsync<IncomingMessage> | VerifyClientCallbackSync<IncomingMessage> | undefined'.
  Type '(info: VerifyClientInfo) => boolean' is not assignable to type 'VerifyClientCallbackAsync<IncomingMessage>'.
    Types of parameters 'info' and 'info' are incompatible.
      Type '{ origin: string; secure: boolean; req: IncomingMessage; }' is missing the following properties from type 'VerifyClientInfo': secWebSocketKey, secWebSocketVersion
